<?xml version="1.0" encoding="utf-8" standalone="yes"?><Layout layout="test" modulePackage="com.example.surface" filePath="app\src\main\res\layout\test.xml" directory="layout" isMerge="false" isBindingData="false" rootNodeType="android.view.SurfaceView"><Targets><Target tag="layout/test_0" view="SurfaceView"><Expressions/><location startLine="1" startOffset="0" endLine="6" endOffset="13"/></Target></Targets></Layout>